<?xml version="1.0" encoding="UTF-8"?>
<!-- Generated by org.testng.reporters.JUnitXMLReporter -->
<testsuite hostname="MashrathS" ignored="2" name="Test" tests="2" failures="0" timestamp="10 Jan 2019 04:27:04 GMT" time="184.962" errors="0">
  <testcase name="passTest" time="0.951" classname="test.automation.LoginTest"/>
  <testcase name="titleTest" time="0.023" classname="test.automation.LoginTest"/>
  <testcase name="logoTest" time="0.0" classname="test.automation.LoginTest">
    <ignored/>
  </testcase> <!-- logoTest -->
  <testcase name="loginTest" time="0.0" classname="test.automation.LoginTest">
    <ignored/>
  </testcase> <!-- loginTest -->
</testsuite> <!-- Test -->
